stdio    D         file_stdio.c:110  file_stdio_fopen                 [   0.00000] opening C:\Users\seanc\Desktop\I2P1_Final_project-master\Code\allegro5.cfg r
system   D            wsystem.c:874  _al_win_safe_load_library        [   0.00000] PathFindOnPath found: C:\Windows\system32\shcore.dll
system   D            wsystem.c:780  load_library_at_path             [   0.00000] Calling LoadLibrary C:\Windows\system32\shcore.dll
system   I            wsystem.c:783  load_library_at_path             [   0.00000] Loaded C:\Windows\system32\shcore.dll
system   I             system.c:271  al_install_system                [   0.00000] Allegro version: 5.2.7
audio-dsound I           dsound.cpp:271  _dsound_open                     [   0.00014] Starting DirectSound...
audio-dsound D           dsound.cpp:280  _dsound_open                     [   0.01322] DirectSoundCreate8 succeeded
audio-dsound I           dsound.cpp:73   get_window                       [   0.01325] Using desktop window: 0000000000010010
audio    I              audio.c:347  do_install_audio                 [   0.01330] Using DirectSound driver
system   D            wsystem.c:874  _al_win_safe_load_library        [   0.01340] PathFindOnPath found: C:\Windows\system32\d3d9.dll
system   D            wsystem.c:780  load_library_at_path             [   0.01342] Calling LoadLibrary C:\Windows\system32\d3d9.dll
system   I            wsystem.c:783  load_library_at_path             [   0.01409] Loaded C:\Windows\system32\d3d9.dll
d3d      I         d3d_disp.cpp:684  d3d_init_display                 [   0.06301] Render-to-texture: 1
d3d      I         d3d_disp.cpp:1782 d3d_create_display_locked        [   0.06383] faux_fullscreen=0
d3d      D         d3d_disp.cpp:1783 d3d_create_display_locked        [   0.06384] al_display=0000000000f2bcb0
d3d      D         d3d_disp.cpp:1784 d3d_create_display_locked        [   0.06385] al_display->vt=0000000000f2bb40
d3d      I d3d_display_formats.cpp:144  _al_d3d_generate_display_format_list [   0.06536] found 160 format combinations
display  D   display_settings.c:212  debug_display_settings           [   0.06539] color: 32 (rgba 8880), depth: 0, stencil: 0, acc: 0000, samples: 0/0
display  D   display_settings.c:527  _al_score_display_settings       [   0.06540] Score is : 897
display  D   display_settings.c:212  debug_display_settings           [   0.06541] color: 32 (rgba 8880), depth: 0, stencil: 0, acc: 0000, samples: 0/0
display  D   display_settings.c:527  _al_score_display_settings       [   0.06541] Score is : 897
display  D   display_settings.c:212  debug_display_settings           [   0.06542] color: 32 (rgba 8880), depth: 0, stencil: 0, acc: 0000, samples: 2/1
display  D   display_settings.c:527  _al_score_display_settings       [   0.06543] Score is : 726
display  D   display_settings.c:212  debug_display_settings           [   0.06543] color: 32 (rgba 8880), depth: 0, stencil: 0, acc: 0000, samples: 3/1
display  D   display_settings.c:527  _al_score_display_settings       [   0.06544] Score is : 721
display  D   display_settings.c:212  debug_display_settings           [   0.06545] color: 32 (rgba 8880), depth: 0, stencil: 0, acc: 0000, samples: 4/1
display  D   display_settings.c:527  _al_score_display_settings       [   0.06545] Score is : 717
display  D   display_settings.c:212  debug_display_settings           [   0.06546] color: 32 (rgba 8880), depth: 24, stencil: 8, acc: 0000, samples: 0/0
display  D   display_settings.c:527  _al_score_display_settings       [   0.06546] Score is : 897
display  D   display_settings.c:212  debug_display_settings           [   0.06547] color: 32 (rgba 8880), depth: 24, stencil: 8, acc: 0000, samples: 0/0
display  D   display_settings.c:527  _al_score_display_settings       [   0.06548] Score is : 897
display  D   display_settings.c:212  debug_display_settings           [   0.06548] color: 32 (rgba 8880), depth: 24, stencil: 8, acc: 0000, samples: 2/1
display  D   display_settings.c:527  _al_score_display_settings       [   0.06549] Score is : 726
display  D   display_settings.c:212  debug_display_settings           [   0.06550] color: 32 (rgba 8880), depth: 24, stencil: 8, acc: 0000, samples: 3/1
display  D   display_settings.c:527  _al_score_display_settings       [   0.06553] Score is : 721
display  D   display_settings.c:212  debug_display_settings           [   0.06554] color: 32 (rgba 8880), depth: 24, stencil: 8, acc: 0000, samples: 4/1
display  D   display_settings.c:527  _al_score_display_settings       [   0.06554] Score is : 717
display  D   display_settings.c:212  debug_display_settings           [   0.06555] color: 32 (rgba 8880), depth: 24, stencil: 0, acc: 0000, samples: 0/0
display  D   display_settings.c:527  _al_score_display_settings       [   0.06556] Score is : 897
display  D   display_settings.c:212  debug_display_settings           [   0.06556] color: 32 (rgba 8880), depth: 24, stencil: 0, acc: 0000, samples: 0/0
display  D   display_settings.c:527  _al_score_display_settings       [   0.06557] Score is : 897
display  D   display_settings.c:212  debug_display_settings           [   0.06557] color: 32 (rgba 8880), depth: 24, stencil: 0, acc: 0000, samples: 2/1
display  D   display_settings.c:527  _al_score_display_settings       [   0.06558] Score is : 726
display  D   display_settings.c:212  debug_display_settings           [   0.06559] color: 32 (rgba 8880), depth: 24, stencil: 0, acc: 0000, samples: 3/1
display  D   display_settings.c:527  _al_score_display_settings       [   0.06559] Score is : 721
display  D   display_settings.c:212  debug_display_settings           [   0.06560] color: 32 (rgba 8880), depth: 24, stencil: 0, acc: 0000, samples: 4/1
display  D   display_settings.c:527  _al_score_display_settings       [   0.06561] Score is : 717
display  D   display_settings.c:212  debug_display_settings           [   0.06561] color: 32 (rgba 8880), depth: 16, stencil: 0, acc: 0000, samples: 0/0
display  D   display_settings.c:527  _al_score_display_settings       [   0.06562] Score is : 897
display  D   display_settings.c:212  debug_display_settings           [   0.06563] color: 32 (rgba 8880), depth: 16, stencil: 0, acc: 0000, samples: 0/0
display  D   display_settings.c:527  _al_score_display_settings       [   0.06563] Score is : 897
display  D   display_settings.c:212  debug_display_settings           [   0.06564] color: 32 (rgba 8880), depth: 16, stencil: 0, acc: 0000, samples: 2/1
display  D   display_settings.c:527  _al_score_display_settings       [   0.06564] Score is : 726
display  D   display_settings.c:212  debug_display_settings           [   0.06567] color: 32 (rgba 8880), depth: 16, stencil: 0, acc: 0000, samples: 3/1
display  D   display_settings.c:527  _al_score_display_settings       [   0.06567] Score is : 721
display  D   display_settings.c:212  debug_display_settings           [   0.06568] color: 32 (rgba 8880), depth: 16, stencil: 0, acc: 0000, samples: 4/1
display  D   display_settings.c:527  _al_score_display_settings       [   0.06569] Score is : 717
display  D   display_settings.c:212  debug_display_settings           [   0.06569] color: 16 (rgba 5650), depth: 0, stencil: 0, acc: 0000, samples: 0/0
display  D   display_settings.c:527  _al_score_display_settings       [   0.06570] Score is : 897
display  D   display_settings.c:212  debug_display_settings           [   0.06570] color: 16 (rgba 5650), depth: 0, stencil: 0, acc: 0000, samples: 0/0
display  D   display_settings.c:527  _al_score_display_settings       [   0.06571] Score is : 897
display  D   display_settings.c:212  debug_display_settings           [   0.06572] color: 16 (rgba 5650), depth: 0, stencil: 0, acc: 0000, samples: 2/1
display  D   display_settings.c:527  _al_score_display_settings       [   0.06572] Score is : 726
display  D   display_settings.c:212  debug_display_settings           [   0.06573] color: 16 (rgba 5650), depth: 0, stencil: 0, acc: 0000, samples: 3/1
display  D   display_settings.c:527  _al_score_display_settings       [   0.06574] Score is : 721
display  D   display_settings.c:212  debug_display_settings           [   0.06574] color: 16 (rgba 5650), depth: 0, stencil: 0, acc: 0000, samples: 4/1
display  D   display_settings.c:527  _al_score_display_settings       [   0.06575] Score is : 717
display  D   display_settings.c:212  debug_display_settings           [   0.06576] color: 16 (rgba 5650), depth: 24, stencil: 8, acc: 0000, samples: 0/0
display  D   display_settings.c:527  _al_score_display_settings       [   0.06576] Score is : 897
display  D   display_settings.c:212  debug_display_settings           [   0.06577] color: 16 (rgba 5650), depth: 24, stencil: 8, acc: 0000, samples: 0/0
display  D   display_settings.c:527  _al_score_display_settings       [   0.06578] Score is : 897
display  D   display_settings.c:212  debug_display_settings           [   0.06578] color: 16 (rgba 5650), depth: 24, stencil: 8, acc: 0000, samples: 2/1
display  D   display_settings.c:527  _al_score_display_settings       [   0.06579] Score is : 726
display  D   display_settings.c:212  debug_display_settings           [   0.06580] color: 16 (rgba 5650), depth: 24, stencil: 8, acc: 0000, samples: 3/1
display  D   display_settings.c:527  _al_score_display_settings       [   0.06580] Score is : 721
display  D   display_settings.c:212  debug_display_settings           [   0.06581] color: 16 (rgba 5650), depth: 24, stencil: 8, acc: 0000, samples: 4/1
display  D   display_settings.c:527  _al_score_display_settings       [   0.06582] Score is : 717
display  D   display_settings.c:212  debug_display_settings           [   0.06582] color: 16 (rgba 5650), depth: 24, stencil: 0, acc: 0000, samples: 0/0
display  D   display_settings.c:527  _al_score_display_settings       [   0.06583] Score is : 897
display  D   display_settings.c:212  debug_display_settings           [   0.06584] color: 16 (rgba 5650), depth: 24, stencil: 0, acc: 0000, samples: 0/0
display  D   display_settings.c:527  _al_score_display_settings       [   0.06584] Score is : 897
display  D   display_settings.c:212  debug_display_settings           [   0.06585] color: 16 (rgba 5650), depth: 24, stencil: 0, acc: 0000, samples: 2/1
display  D   display_settings.c:527  _al_score_display_settings       [   0.06586] Score is : 726
display  D   display_settings.c:212  debug_display_settings           [   0.06586] color: 16 (rgba 5650), depth: 24, stencil: 0, acc: 0000, samples: 3/1
display  D   display_settings.c:527  _al_score_display_settings       [   0.06587] Score is : 721
display  D   display_settings.c:212  debug_display_settings           [   0.06588] color: 16 (rgba 5650), depth: 24, stencil: 0, acc: 0000, samples: 4/1
display  D   display_settings.c:527  _al_score_display_settings       [   0.06588] Score is : 717
display  D   display_settings.c:212  debug_display_settings           [   0.06589] color: 16 (rgba 5650), depth: 16, stencil: 0, acc: 0000, samples: 0/0
display  D   display_settings.c:527  _al_score_display_settings       [   0.06590] Score is : 897
display  D   display_settings.c:212  debug_display_settings           [   0.06590] color: 16 (rgba 5650), depth: 16, stencil: 0, acc: 0000, samples: 0/0
display  D   display_settings.c:527  _al_score_display_settings       [   0.06591] Score is : 897
display  D   display_settings.c:212  debug_display_settings           [   0.06592] color: 16 (rgba 5650), depth: 16, stencil: 0, acc: 0000, samples: 2/1
display  D   display_settings.c:527  _al_score_display_settings       [   0.06592] Score is : 726
display  D   display_settings.c:212  debug_display_settings           [   0.06593] color: 16 (rgba 5650), depth: 16, stencil: 0, acc: 0000, samples: 3/1
display  D   display_settings.c:527  _al_score_display_settings       [   0.06594] Score is : 721
display  D   display_settings.c:212  debug_display_settings           [   0.06594] color: 16 (rgba 5650), depth: 16, stencil: 0, acc: 0000, samples: 4/1
display  D   display_settings.c:527  _al_score_display_settings       [   0.06595] Score is : 717
display  D   display_settings.c:212  debug_display_settings           [   0.06596] color: 32 (rgba 8880), depth: 0, stencil: 0, acc: 0000, samples: 0/0
display  D   display_settings.c:398  _al_score_display_settings       [   0.06596] Single Buffer requirement not met.
display  D   display_settings.c:212  debug_display_settings           [   0.06597] color: 32 (rgba 8880), depth: 0, stencil: 0, acc: 0000, samples: 0/0
display  D   display_settings.c:398  _al_score_display_settings       [   0.06598] Single Buffer requirement not met.
display  D   display_settings.c:212  debug_display_settings           [   0.06598] color: 32 (rgba 8880), depth: 0, stencil: 0, acc: 0000, samples: 2/1
display  D   display_settings.c:398  _al_score_display_settings       [   0.06599] Single Buffer requirement not met.
display  D   display_settings.c:212  debug_display_settings           [   0.06600] color: 32 (rgba 8880), depth: 0, stencil: 0, acc: 0000, samples: 3/1
display  D   display_settings.c:398  _al_score_display_settings       [   0.06600] Single Buffer requirement not met.
display  D   display_settings.c:212  debug_display_settings           [   0.06601] color: 32 (rgba 8880), depth: 0, stencil: 0, acc: 0000, samples: 4/1
display  D   display_settings.c:398  _al_score_display_settings       [   0.06602] Single Buffer requirement not met.
display  D   display_settings.c:212  debug_display_settings           [   0.06602] color: 32 (rgba 8880), depth: 24, stencil: 8, acc: 0000, samples: 0/0
display  D   display_settings.c:398  _al_score_display_settings       [   0.06603] Single Buffer requirement not met.
display  D   display_settings.c:212  debug_display_settings           [   0.06604] color: 32 (rgba 8880), depth: 24, stencil: 8, acc: 0000, samples: 0/0
display  D   display_settings.c:398  _al_score_display_settings       [   0.06604] Single Buffer requirement not met.
display  D   display_settings.c:212  debug_display_settings           [   0.06605] color: 32 (rgba 8880), depth: 24, stencil: 8, acc: 0000, samples: 2/1
display  D   display_settings.c:398  _al_score_display_settings       [   0.06606] Single Buffer requirement not met.
display  D   display_settings.c:212  debug_display_settings           [   0.06606] color: 32 (rgba 8880), depth: 24, stencil: 8, acc: 0000, samples: 3/1
display  D   display_settings.c:398  _al_score_display_settings       [   0.06607] Single Buffer requirement not met.
display  D   display_settings.c:212  debug_display_settings           [   0.06608] color: 32 (rgba 8880), depth: 24, stencil: 8, acc: 0000, samples: 4/1
display  D   display_settings.c:398  _al_score_display_settings       [   0.06608] Single Buffer requirement not met.
display  D   display_settings.c:212  debug_display_settings           [   0.06609] color: 32 (rgba 8880), depth: 24, stencil: 0, acc: 0000, samples: 0/0
display  D   display_settings.c:398  _al_score_display_settings       [   0.06610] Single Buffer requirement not met.
display  D   display_settings.c:212  debug_display_settings           [   0.06610] color: 32 (rgba 8880), depth: 24, stencil: 0, acc: 0000, samples: 0/0
display  D   display_settings.c:398  _al_score_display_settings       [   0.06611] Single Buffer requirement not met.
display  D   display_settings.c:212  debug_display_settings           [   0.06611] color: 32 (rgba 8880), depth: 24, stencil: 0, acc: 0000, samples: 2/1
display  D   display_settings.c:398  _al_score_display_settings       [   0.06612] Single Buffer requirement not met.
display  D   display_settings.c:212  debug_display_settings           [   0.06613] color: 32 (rgba 8880), depth: 24, stencil: 0, acc: 0000, samples: 3/1
display  D   display_settings.c:398  _al_score_display_settings       [   0.06613] Single Buffer requirement not met.
display  D   display_settings.c:212  debug_display_settings           [   0.06614] color: 32 (rgba 8880), depth: 24, stencil: 0, acc: 0000, samples: 4/1
display  D   display_settings.c:398  _al_score_display_settings       [   0.06615] Single Buffer requirement not met.
display  D   display_settings.c:212  debug_display_settings           [   0.06615] color: 32 (rgba 8880), depth: 16, stencil: 0, acc: 0000, samples: 0/0
display  D   display_settings.c:398  _al_score_display_settings       [   0.06618] Single Buffer requirement not met.
display  D   display_settings.c:212  debug_display_settings           [   0.06618] color: 32 (rgba 8880), depth: 16, stencil: 0, acc: 0000, samples: 0/0
display  D   display_settings.c:398  _al_score_display_settings       [   0.06619] Single Buffer requirement not met.
display  D   display_settings.c:212  debug_display_settings           [   0.06620] color: 32 (rgba 8880), depth: 16, stencil: 0, acc: 0000, samples: 2/1
display  D   display_settings.c:398  _al_score_display_settings       [   0.06620] Single Buffer requirement not met.
display  D   display_settings.c:212  debug_display_settings           [   0.06621] color: 32 (rgba 8880), depth: 16, stencil: 0, acc: 0000, samples: 3/1
display  D   display_settings.c:398  _al_score_display_settings       [   0.06622] Single Buffer requirement not met.
display  D   display_settings.c:212  debug_display_settings           [   0.06622] color: 32 (rgba 8880), depth: 16, stencil: 0, acc: 0000, samples: 4/1
display  D   display_settings.c:398  _al_score_display_settings       [   0.06623] Single Buffer requirement not met.
display  D   display_settings.c:212  debug_display_settings           [   0.06624] color: 16 (rgba 5650), depth: 0, stencil: 0, acc: 0000, samples: 0/0
display  D   display_settings.c:398  _al_score_display_settings       [   0.06624] Single Buffer requirement not met.
display  D   display_settings.c:212  debug_display_settings           [   0.06625] color: 16 (rgba 5650), depth: 0, stencil: 0, acc: 0000, samples: 0/0
display  D   display_settings.c:398  _al_score_display_settings       [   0.06626] Single Buffer requirement not met.
display  D   display_settings.c:212  debug_display_settings           [   0.06626] color: 16 (rgba 5650), depth: 0, stencil: 0, acc: 0000, samples: 2/1
display  D   display_settings.c:398  _al_score_display_settings       [   0.06627] Single Buffer requirement not met.
display  D   display_settings.c:212  debug_display_settings           [   0.06627] color: 16 (rgba 5650), depth: 0, stencil: 0, acc: 0000, samples: 3/1
display  D   display_settings.c:398  _al_score_display_settings       [   0.06628] Single Buffer requirement not met.
display  D   display_settings.c:212  debug_display_settings           [   0.06629] color: 16 (rgba 5650), depth: 0, stencil: 0, acc: 0000, samples: 4/1
display  D   display_settings.c:398  _al_score_display_settings       [   0.06629] Single Buffer requirement not met.
display  D   display_settings.c:212  debug_display_settings           [   0.06630] color: 16 (rgba 5650), depth: 24, stencil: 8, acc: 0000, samples: 0/0
display  D   display_settings.c:398  _al_score_display_settings       [   0.06631] Single Buffer requirement not met.
display  D   display_settings.c:212  debug_display_settings           [   0.06631] color: 16 (rgba 5650), depth: 24, stencil: 8, acc: 0000, samples: 0/0
display  D   display_settings.c:398  _al_score_display_settings       [   0.06632] Single Buffer requirement not met.
display  D   display_settings.c:212  debug_display_settings           [   0.06633] color: 16 (rgba 5650), depth: 24, stencil: 8, acc: 0000, samples: 2/1
display  D   display_settings.c:398  _al_score_display_settings       [   0.06633] Single Buffer requirement not met.
display  D   display_settings.c:212  debug_display_settings           [   0.06634] color: 16 (rgba 5650), depth: 24, stencil: 8, acc: 0000, samples: 3/1
display  D   display_settings.c:398  _al_score_display_settings       [   0.06635] Single Buffer requirement not met.
display  D   display_settings.c:212  debug_display_settings           [   0.06635] color: 16 (rgba 5650), depth: 24, stencil: 8, acc: 0000, samples: 4/1
display  D   display_settings.c:398  _al_score_display_settings       [   0.06636] Single Buffer requirement not met.
display  D   display_settings.c:212  debug_display_settings           [   0.06636] color: 16 (rgba 5650), depth: 24, stencil: 0, acc: 0000, samples: 0/0
display  D   display_settings.c:398  _al_score_display_settings       [   0.06637] Single Buffer requirement not met.
display  D   display_settings.c:212  debug_display_settings           [   0.06638] color: 16 (rgba 5650), depth: 24, stencil: 0, acc: 0000, samples: 0/0
display  D   display_settings.c:398  _al_score_display_settings       [   0.06638] Single Buffer requirement not met.
display  D   display_settings.c:212  debug_display_settings           [   0.06639] color: 16 (rgba 5650), depth: 24, stencil: 0, acc: 0000, samples: 2/1
display  D   display_settings.c:398  _al_score_display_settings       [   0.06640] Single Buffer requirement not met.
display  D   display_settings.c:212  debug_display_settings           [   0.06640] color: 16 (rgba 5650), depth: 24, stencil: 0, acc: 0000, samples: 3/1
display  D   display_settings.c:398  _al_score_display_settings       [   0.06641] Single Buffer requirement not met.
display  D   display_settings.c:212  debug_display_settings           [   0.06642] color: 16 (rgba 5650), depth: 24, stencil: 0, acc: 0000, samples: 4/1
display  D   display_settings.c:398  _al_score_display_settings       [   0.06642] Single Buffer requirement not met.
display  D   display_settings.c:212  debug_display_settings           [   0.06643] color: 16 (rgba 5650), depth: 16, stencil: 0, acc: 0000, samples: 0/0
display  D   display_settings.c:398  _al_score_display_settings       [   0.06643] Single Buffer requirement not met.
display  D   display_settings.c:212  debug_display_settings           [   0.06644] color: 16 (rgba 5650), depth: 16, stencil: 0, acc: 0000, samples: 0/0
display  D   display_settings.c:398  _al_score_display_settings       [   0.06645] Single Buffer requirement not met.
display  D   display_settings.c:212  debug_display_settings           [   0.06645] color: 16 (rgba 5650), depth: 16, stencil: 0, acc: 0000, samples: 2/1
display  D   display_settings.c:398  _al_score_display_settings       [   0.06646] Single Buffer requirement not met.
display  D   display_settings.c:212  debug_display_settings           [   0.06647] color: 16 (rgba 5650), depth: 16, stencil: 0, acc: 0000, samples: 3/1
display  D   display_settings.c:398  _al_score_display_settings       [   0.06647] Single Buffer requirement not met.
display  D   display_settings.c:212  debug_display_settings           [   0.06648] color: 16 (rgba 5650), depth: 16, stencil: 0, acc: 0000, samples: 4/1
display  D   display_settings.c:398  _al_score_display_settings       [   0.06649] Single Buffer requirement not met.
display  D   display_settings.c:212  debug_display_settings           [   0.06649] color: 32 (rgba 8880), depth: 0, stencil: 0, acc: 0000, samples: 0/0
display  D   display_settings.c:527  _al_score_display_settings       [   0.06650] Score is : 769
display  D   display_settings.c:212  debug_display_settings           [   0.06650] color: 32 (rgba 8880), depth: 0, stencil: 0, acc: 0000, samples: 0/0
display  D   display_settings.c:527  _al_score_display_settings       [   0.06651] Score is : 769
display  D   display_settings.c:212  debug_display_settings           [   0.06652] color: 32 (rgba 8880), depth: 0, stencil: 0, acc: 0000, samples: 2/1
display  D   display_settings.c:527  _al_score_display_settings       [   0.06652] Score is : 598
display  D   display_settings.c:212  debug_display_settings           [   0.06653] color: 32 (rgba 8880), depth: 0, stencil: 0, acc: 0000, samples: 3/1
display  D   display_settings.c:527  _al_score_display_settings       [   0.06654] Score is : 593
display  D   display_settings.c:212  debug_display_settings           [   0.06654] color: 32 (rgba 8880), depth: 0, stencil: 0, acc: 0000, samples: 4/1
display  D   display_settings.c:527  _al_score_display_settings       [   0.06655] Score is : 589
display  D   display_settings.c:212  debug_display_settings           [   0.06655] color: 32 (rgba 8880), depth: 24, stencil: 8, acc: 0000, samples: 0/0
display  D   display_settings.c:527  _al_score_display_settings       [   0.06656] Score is : 769
display  D   display_settings.c:212  debug_display_settings           [   0.06657] color: 32 (rgba 8880), depth: 24, stencil: 8, acc: 0000, samples: 0/0
display  D   display_settings.c:527  _al_score_display_settings       [   0.06657] Score is : 769
display  D   display_settings.c:212  debug_display_settings           [   0.06658] color: 32 (rgba 8880), depth: 24, stencil: 8, acc: 0000, samples: 2/1
display  D   display_settings.c:527  _al_score_display_settings       [   0.06659] Score is : 598
display  D   display_settings.c:212  debug_display_settings           [   0.06659] color: 32 (rgba 8880), depth: 24, stencil: 8, acc: 0000, samples: 3/1
display  D   display_settings.c:527  _al_score_display_settings       [   0.06660] Score is : 593
display  D   display_settings.c:212  debug_display_settings           [   0.06661] color: 32 (rgba 8880), depth: 24, stencil: 8, acc: 0000, samples: 4/1
display  D   display_settings.c:527  _al_score_display_settings       [   0.06661] Score is : 589
display  D   display_settings.c:212  debug_display_settings           [   0.06662] color: 32 (rgba 8880), depth: 24, stencil: 0, acc: 0000, samples: 0/0
display  D   display_settings.c:527  _al_score_display_settings       [   0.06662] Score is : 769
display  D   display_settings.c:212  debug_display_settings           [   0.06663] color: 32 (rgba 8880), depth: 24, stencil: 0, acc: 0000, samples: 0/0
display  D   display_settings.c:527  _al_score_display_settings       [   0.06664] Score is : 769
display  D   display_settings.c:212  debug_display_settings           [   0.06664] color: 32 (rgba 8880), depth: 24, stencil: 0, acc: 0000, samples: 2/1
display  D   display_settings.c:527  _al_score_display_settings       [   0.06665] Score is : 598
display  D   display_settings.c:212  debug_display_settings           [   0.06665] color: 32 (rgba 8880), depth: 24, stencil: 0, acc: 0000, samples: 3/1
display  D   display_settings.c:527  _al_score_display_settings       [   0.06666] Score is : 593
display  D   display_settings.c:212  debug_display_settings           [   0.06667] color: 32 (rgba 8880), depth: 24, stencil: 0, acc: 0000, samples: 4/1
display  D   display_settings.c:527  _al_score_display_settings       [   0.06667] Score is : 589
display  D   display_settings.c:212  debug_display_settings           [   0.06668] color: 32 (rgba 8880), depth: 16, stencil: 0, acc: 0000, samples: 0/0
display  D   display_settings.c:527  _al_score_display_settings       [   0.06669] Score is : 769
display  D   display_settings.c:212  debug_display_settings           [   0.06669] color: 32 (rgba 8880), depth: 16, stencil: 0, acc: 0000, samples: 0/0
display  D   display_settings.c:527  _al_score_display_settings       [   0.06670] Score is : 769
display  D   display_settings.c:212  debug_display_settings           [   0.06670] color: 32 (rgba 8880), depth: 16, stencil: 0, acc: 0000, samples: 2/1
display  D   display_settings.c:527  _al_score_display_settings       [   0.06671] Score is : 598
display  D   display_settings.c:212  debug_display_settings           [   0.06672] color: 32 (rgba 8880), depth: 16, stencil: 0, acc: 0000, samples: 3/1
display  D   display_settings.c:527  _al_score_display_settings       [   0.06672] Score is : 593
display  D   display_settings.c:212  debug_display_settings           [   0.06673] color: 32 (rgba 8880), depth: 16, stencil: 0, acc: 0000, samples: 4/1
display  D   display_settings.c:527  _al_score_display_settings       [   0.06674] Score is : 589
display  D   display_settings.c:212  debug_display_settings           [   0.06674] color: 16 (rgba 5650), depth: 0, stencil: 0, acc: 0000, samples: 0/0
display  D   display_settings.c:527  _al_score_display_settings       [   0.06675] Score is : 769
display  D   display_settings.c:212  debug_display_settings           [   0.06675] color: 16 (rgba 5650), depth: 0, stencil: 0, acc: 0000, samples: 0/0
display  D   display_settings.c:527  _al_score_display_settings       [   0.06676] Score is : 769
display  D   display_settings.c:212  debug_display_settings           [   0.06677] color: 16 (rgba 5650), depth: 0, stencil: 0, acc: 0000, samples: 2/1
display  D   display_settings.c:527  _al_score_display_settings       [   0.06678] Score is : 598
display  D   display_settings.c:212  debug_display_settings           [   0.06678] color: 16 (rgba 5650), depth: 0, stencil: 0, acc: 0000, samples: 3/1
display  D   display_settings.c:527  _al_score_display_settings       [   0.06679] Score is : 593
display  D   display_settings.c:212  debug_display_settings           [   0.06679] color: 16 (rgba 5650), depth: 0, stencil: 0, acc: 0000, samples: 4/1
display  D   display_settings.c:527  _al_score_display_settings       [   0.06680] Score is : 589
display  D   display_settings.c:212  debug_display_settings           [   0.06681] color: 16 (rgba 5650), depth: 24, stencil: 8, acc: 0000, samples: 0/0
display  D   display_settings.c:527  _al_score_display_settings       [   0.06681] Score is : 769
display  D   display_settings.c:212  debug_display_settings           [   0.06682] color: 16 (rgba 5650), depth: 24, stencil: 8, acc: 0000, samples: 0/0
display  D   display_settings.c:527  _al_score_display_settings       [   0.06683] Score is : 769
display  D   display_settings.c:212  debug_display_settings           [   0.06683] color: 16 (rgba 5650), depth: 24, stencil: 8, acc: 0000, samples: 2/1
display  D   display_settings.c:527  _al_score_display_settings       [   0.06684] Score is : 598
display  D   display_settings.c:212  debug_display_settings           [   0.06684] color: 16 (rgba 5650), depth: 24, stencil: 8, acc: 0000, samples: 3/1
display  D   display_settings.c:527  _al_score_display_settings       [   0.06685] Score is : 593
display  D   display_settings.c:212  debug_display_settings           [   0.06686] color: 16 (rgba 5650), depth: 24, stencil: 8, acc: 0000, samples: 4/1
display  D   display_settings.c:527  _al_score_display_settings       [   0.06686] Score is : 589
display  D   display_settings.c:212  debug_display_settings           [   0.06687] color: 16 (rgba 5650), depth: 24, stencil: 0, acc: 0000, samples: 0/0
display  D   display_settings.c:527  _al_score_display_settings       [   0.06688] Score is : 769
display  D   display_settings.c:212  debug_display_settings           [   0.06688] color: 16 (rgba 5650), depth: 24, stencil: 0, acc: 0000, samples: 0/0
display  D   display_settings.c:527  _al_score_display_settings       [   0.06689] Score is : 769
display  D   display_settings.c:212  debug_display_settings           [   0.06689] color: 16 (rgba 5650), depth: 24, stencil: 0, acc: 0000, samples: 2/1
display  D   display_settings.c:527  _al_score_display_settings       [   0.06690] Score is : 598
display  D   display_settings.c:212  debug_display_settings           [   0.06691] color: 16 (rgba 5650), depth: 24, stencil: 0, acc: 0000, samples: 3/1
display  D   display_settings.c:527  _al_score_display_settings       [   0.06691] Score is : 593
display  D   display_settings.c:212  debug_display_settings           [   0.06692] color: 16 (rgba 5650), depth: 24, stencil: 0, acc: 0000, samples: 4/1
display  D   display_settings.c:527  _al_score_display_settings       [   0.06693] Score is : 589
display  D   display_settings.c:212  debug_display_settings           [   0.06693] color: 16 (rgba 5650), depth: 16, stencil: 0, acc: 0000, samples: 0/0
display  D   display_settings.c:527  _al_score_display_settings       [   0.06694] Score is : 769
display  D   display_settings.c:212  debug_display_settings           [   0.06694] color: 16 (rgba 5650), depth: 16, stencil: 0, acc: 0000, samples: 0/0
display  D   display_settings.c:527  _al_score_display_settings       [   0.06695] Score is : 769
display  D   display_settings.c:212  debug_display_settings           [   0.06696] color: 16 (rgba 5650), depth: 16, stencil: 0, acc: 0000, samples: 2/1
display  D   display_settings.c:527  _al_score_display_settings       [   0.06696] Score is : 598
display  D   display_settings.c:212  debug_display_settings           [   0.06697] color: 16 (rgba 5650), depth: 16, stencil: 0, acc: 0000, samples: 3/1
display  D   display_settings.c:527  _al_score_display_settings       [   0.06699] Score is : 593
display  D   display_settings.c:212  debug_display_settings           [   0.06699] color: 16 (rgba 5650), depth: 16, stencil: 0, acc: 0000, samples: 4/1
display  D   display_settings.c:527  _al_score_display_settings       [   0.06700] Score is : 589
display  D   display_settings.c:212  debug_display_settings           [   0.06701] color: 32 (rgba 8880), depth: 0, stencil: 0, acc: 0000, samples: 0/0
display  D   display_settings.c:398  _al_score_display_settings       [   0.06701] Single Buffer requirement not met.
display  D   display_settings.c:212  debug_display_settings           [   0.06702] color: 32 (rgba 8880), depth: 0, stencil: 0, acc: 0000, samples: 0/0
display  D   display_settings.c:398  _al_score_display_settings       [   0.06703] Single Buffer requirement not met.
display  D   display_settings.c:212  debug_display_settings           [   0.06703] color: 32 (rgba 8880), depth: 0, stencil: 0, acc: 0000, samples: 2/1
display  D   display_settings.c:398  _al_score_display_settings       [   0.06704] Single Buffer requirement not met.
display  D   display_settings.c:212  debug_display_settings           [   0.06704] color: 32 (rgba 8880), depth: 0, stencil: 0, acc: 0000, samples: 3/1
display  D   display_settings.c:398  _al_score_display_settings       [   0.06705] Single Buffer requirement not met.
display  D   display_settings.c:212  debug_display_settings           [   0.06706] color: 32 (rgba 8880), depth: 0, stencil: 0, acc: 0000, samples: 4/1
display  D   display_settings.c:398  _al_score_display_settings       [   0.06706] Single Buffer requirement not met.
display  D   display_settings.c:212  debug_display_settings           [   0.06707] color: 32 (rgba 8880), depth: 24, stencil: 8, acc: 0000, samples: 0/0
display  D   display_settings.c:398  _al_score_display_settings       [   0.06708] Single Buffer requirement not met.
display  D   display_settings.c:212  debug_display_settings           [   0.06708] color: 32 (rgba 8880), depth: 24, stencil: 8, acc: 0000, samples: 0/0
display  D   display_settings.c:398  _al_score_display_settings       [   0.06709] Single Buffer requirement not met.
display  D   display_settings.c:212  debug_display_settings           [   0.06709] color: 32 (rgba 8880), depth: 24, stencil: 8, acc: 0000, samples: 2/1
display  D   display_settings.c:398  _al_score_display_settings       [   0.06710] Single Buffer requirement not met.
display  D   display_settings.c:212  debug_display_settings           [   0.06711] color: 32 (rgba 8880), depth: 24, stencil: 8, acc: 0000, samples: 3/1
display  D   display_settings.c:398  _al_score_display_settings       [   0.06711] Single Buffer requirement not met.
display  D   display_settings.c:212  debug_display_settings           [   0.06712] color: 32 (rgba 8880), depth: 24, stencil: 8, acc: 0000, samples: 4/1
display  D   display_settings.c:398  _al_score_display_settings       [   0.06713] Single Buffer requirement not met.
display  D   display_settings.c:212  debug_display_settings           [   0.06713] color: 32 (rgba 8880), depth: 24, stencil: 0, acc: 0000, samples: 0/0
display  D   display_settings.c:398  _al_score_display_settings       [   0.06714] Single Buffer requirement not met.
display  D   display_settings.c:212  debug_display_settings           [   0.06715] color: 32 (rgba 8880), depth: 24, stencil: 0, acc: 0000, samples: 0/0
display  D   display_settings.c:398  _al_score_display_settings       [   0.06715] Single Buffer requirement not met.
display  D   display_settings.c:212  debug_display_settings           [   0.06716] color: 32 (rgba 8880), depth: 24, stencil: 0, acc: 0000, samples: 2/1
display  D   display_settings.c:398  _al_score_display_settings       [   0.06717] Single Buffer requirement not met.
display  D   display_settings.c:212  debug_display_settings           [   0.06718] color: 32 (rgba 8880), depth: 24, stencil: 0, acc: 0000, samples: 3/1
display  D   display_settings.c:398  _al_score_display_settings       [   0.06718] Single Buffer requirement not met.
display  D   display_settings.c:212  debug_display_settings           [   0.06719] color: 32 (rgba 8880), depth: 24, stencil: 0, acc: 0000, samples: 4/1
display  D   display_settings.c:398  _al_score_display_settings       [   0.06720] Single Buffer requirement not met.
display  D   display_settings.c:212  debug_display_settings           [   0.06720] color: 32 (rgba 8880), depth: 16, stencil: 0, acc: 0000, samples: 0/0
display  D   display_settings.c:398  _al_score_display_settings       [   0.06721] Single Buffer requirement not met.
display  D   display_settings.c:212  debug_display_settings           [   0.06722] color: 32 (rgba 8880), depth: 16, stencil: 0, acc: 0000, samples: 0/0
display  D   display_settings.c:398  _al_score_display_settings       [   0.06722] Single Buffer requirement not met.
display  D   display_settings.c:212  debug_display_settings           [   0.06723] color: 32 (rgba 8880), depth: 16, stencil: 0, acc: 0000, samples: 2/1
display  D   display_settings.c:398  _al_score_display_settings       [   0.06724] Single Buffer requirement not met.
display  D   display_settings.c:212  debug_display_settings           [   0.06724] color: 32 (rgba 8880), depth: 16, stencil: 0, acc: 0000, samples: 3/1
display  D   display_settings.c:398  _al_score_display_settings       [   0.06725] Single Buffer requirement not met.
display  D   display_settings.c:212  debug_display_settings           [   0.06725] color: 32 (rgba 8880), depth: 16, stencil: 0, acc: 0000, samples: 4/1
display  D   display_settings.c:398  _al_score_display_settings       [   0.06726] Single Buffer requirement not met.
display  D   display_settings.c:212  debug_display_settings           [   0.06727] color: 16 (rgba 5650), depth: 0, stencil: 0, acc: 0000, samples: 0/0
display  D   display_settings.c:398  _al_score_display_settings       [   0.06727] Single Buffer requirement not met.
display  D   display_settings.c:212  debug_display_settings           [   0.06728] color: 16 (rgba 5650), depth: 0, stencil: 0, acc: 0000, samples: 0/0
display  D   display_settings.c:398  _al_score_display_settings       [   0.06729] Single Buffer requirement not met.
display  D   display_settings.c:212  debug_display_settings           [   0.06729] color: 16 (rgba 5650), depth: 0, stencil: 0, acc: 0000, samples: 2/1
display  D   display_settings.c:398  _al_score_display_settings       [   0.06730] Single Buffer requirement not met.
display  D   display_settings.c:212  debug_display_settings           [   0.06731] color: 16 (rgba 5650), depth: 0, stencil: 0, acc: 0000, samples: 3/1
display  D   display_settings.c:398  _al_score_display_settings       [   0.06731] Single Buffer requirement not met.
display  D   display_settings.c:212  debug_display_settings           [   0.06732] color: 16 (rgba 5650), depth: 0, stencil: 0, acc: 0000, samples: 4/1
display  D   display_settings.c:398  _al_score_display_settings       [   0.06733] Single Buffer requirement not met.
display  D   display_settings.c:212  debug_display_settings           [   0.06733] color: 16 (rgba 5650), depth: 24, stencil: 8, acc: 0000, samples: 0/0
display  D   display_settings.c:398  _al_score_display_settings       [   0.06734] Single Buffer requirement not met.
display  D   display_settings.c:212  debug_display_settings           [   0.06735] color: 16 (rgba 5650), depth: 24, stencil: 8, acc: 0000, samples: 0/0
display  D   display_settings.c:398  _al_score_display_settings       [   0.06735] Single Buffer requirement not met.
display  D   display_settings.c:212  debug_display_settings           [   0.06736] color: 16 (rgba 5650), depth: 24, stencil: 8, acc: 0000, samples: 2/1
display  D   display_settings.c:398  _al_score_display_settings       [   0.06737] Single Buffer requirement not met.
display  D   display_settings.c:212  debug_display_settings           [   0.06737] color: 16 (rgba 5650), depth: 24, stencil: 8, acc: 0000, samples: 3/1
display  D   display_settings.c:398  _al_score_display_settings       [   0.06738] Single Buffer requirement not met.
display  D   display_settings.c:212  debug_display_settings           [   0.06739] color: 16 (rgba 5650), depth: 24, stencil: 8, acc: 0000, samples: 4/1
display  D   display_settings.c:398  _al_score_display_settings       [   0.06740] Single Buffer requirement not met.
display  D   display_settings.c:212  debug_display_settings           [   0.06740] color: 16 (rgba 5650), depth: 24, stencil: 0, acc: 0000, samples: 0/0
display  D   display_settings.c:398  _al_score_display_settings       [   0.06741] Single Buffer requirement not met.
display  D   display_settings.c:212  debug_display_settings           [   0.06741] color: 16 (rgba 5650), depth: 24, stencil: 0, acc: 0000, samples: 0/0
display  D   display_settings.c:398  _al_score_display_settings       [   0.06742] Single Buffer requirement not met.
display  D   display_settings.c:212  debug_display_settings           [   0.06743] color: 16 (rgba 5650), depth: 24, stencil: 0, acc: 0000, samples: 2/1
display  D   display_settings.c:398  _al_score_display_settings       [   0.06744] Single Buffer requirement not met.
display  D   display_settings.c:212  debug_display_settings           [   0.06744] color: 16 (rgba 5650), depth: 24, stencil: 0, acc: 0000, samples: 3/1
display  D   display_settings.c:398  _al_score_display_settings       [   0.06745] Single Buffer requirement not met.
display  D   display_settings.c:212  debug_display_settings           [   0.06746] color: 16 (rgba 5650), depth: 24, stencil: 0, acc: 0000, samples: 4/1
display  D   display_settings.c:398  _al_score_display_settings       [   0.06746] Single Buffer requirement not met.
display  D   display_settings.c:212  debug_display_settings           [   0.06747] color: 16 (rgba 5650), depth: 16, stencil: 0, acc: 0000, samples: 0/0
display  D   display_settings.c:398  _al_score_display_settings       [   0.06748] Single Buffer requirement not met.
display  D   display_settings.c:212  debug_display_settings           [   0.06748] color: 16 (rgba 5650), depth: 16, stencil: 0, acc: 0000, samples: 0/0
display  D   display_settings.c:398  _al_score_display_settings       [   0.06749] Single Buffer requirement not met.
display  D   display_settings.c:212  debug_display_settings           [   0.06750] color: 16 (rgba 5650), depth: 16, stencil: 0, acc: 0000, samples: 2/1
display  D   display_settings.c:398  _al_score_display_settings       [   0.06750] Single Buffer requirement not met.
display  D   display_settings.c:212  debug_display_settings           [   0.06751] color: 16 (rgba 5650), depth: 16, stencil: 0, acc: 0000, samples: 3/1
display  D   display_settings.c:398  _al_score_display_settings       [   0.06752] Single Buffer requirement not met.
display  D   display_settings.c:212  debug_display_settings           [   0.06752] color: 16 (rgba 5650), depth: 16, stencil: 0, acc: 0000, samples: 4/1
display  D   display_settings.c:398  _al_score_display_settings       [   0.06753] Single Buffer requirement not met.
d3d      D         d3d_disp.cpp:1682 d3d_create_display_internals     [   0.06755] Trying format 0.
d3d      I         d3d_disp.cpp:1358 d3d_display_thread_proc          [   0.06773] Chose a display format: 23
d3d      I         d3d_disp.cpp:1427 d3d_display_thread_proc          [   0.06777] Normal window.
d3d      I         d3d_disp.cpp:791  d3d_create_device                [   0.08359] Using no depth stencil buffer
d3d      D         d3d_disp.cpp:853  d3d_create_device                [   0.10414] BeginScene succeeded in create_device
d3d      D         d3d_disp.cpp:861  d3d_create_device                [   0.10419] Success
d3d      D         d3d_disp.cpp:1705 d3d_create_display_internals     [   0.10421] Resumed after wait.
d3d      I         d3d_disp.cpp:1738 d3d_create_display_internals     [   0.10425] Format 0 succeeded.
d3d      D         d3d_disp.cpp:1769 d3d_create_display_internals     [   0.10426] Returning d3d_display: 0000000000f2bcb0
d3d      D         d3d_disp.cpp:1794 d3d_create_display_locked        [   0.10427] al_display=0000000000f2bcb0
d3d      D         d3d_disp.cpp:1795 d3d_create_display_locked        [   0.10428] al_display->vt=0000000000f2bb40
system   D            wsystem.c:874  _al_win_safe_load_library        [   0.10445] PathFindOnPath found: C:\Windows\system32\d3dx9_43.dll
system   D            wsystem.c:780  load_library_at_path             [   0.10446] Calling LoadLibrary C:\Windows\system32\d3dx9_43.dll
system   I            wsystem.c:783  load_library_at_path             [   0.10470] Loaded C:\Windows\system32\d3dx9_43.dll
d3dx9    I        d3d_d3dx9.cpp:88   _imp_load_d3dx9_module_version   [   0.10472] Module "d3dx9_43.dll" loaded.
stdio    D         file_stdio.c:110  file_stdio_fopen                 [   0.10476] opening assets/font/pirulen.ttf rb
font     D                ttf.c:943  al_load_ttf_font_stretch_f       [   0.10491] Font assets/font/pirulen.ttf loaded with pixel size 0 x 12.
font     D                ttf.c:945  al_load_ttf_font_stretch_f       [   0.10492]     ascent=12.0, descent=-3.0, height=14.0
dtor     D               dtor.c:196  _al_register_destructor          [   0.10493] added dtor for ttf_font 0000000002890520, func 00007ffeaa434c05
stdio    D         file_stdio.c:110  file_stdio_fopen                 [   0.10495] opening assets/sound/menu.mp3 rb
dtor     D               dtor.c:196  _al_register_destructor          [   0.40154] added dtor for sample 0000000002890820, func 00007ffeaa441a1d
stdio    D         file_stdio.c:110  file_stdio_fopen                 [   0.40162] opening assets/image/menu.png rb
stdio    D         file_stdio.c:110  file_stdio_fopen                 [   0.40173] opening assets/image/menu.png rb
d3d      D         d3d_disp.cpp:1202 real_choose_bitmap_format        [   0.40181] Fake format
d3d      D         d3d_disp.cpp:1202 real_choose_bitmap_format        [   0.40182] Fake format
d3d      D         d3d_disp.cpp:1202 real_choose_bitmap_format        [   0.40183] Fake format
d3d      D         d3d_disp.cpp:1202 real_choose_bitmap_format        [   0.40184] Fake format
d3d      D         d3d_disp.cpp:1202 real_choose_bitmap_format        [   0.40184] Fake format
d3d      D         d3d_disp.cpp:1202 real_choose_bitmap_format        [   0.40185] Fake format
d3d      D         d3d_disp.cpp:1202 real_choose_bitmap_format        [   0.40185] Fake format
d3d      D         d3d_disp.cpp:1202 real_choose_bitmap_format        [   0.40186] Fake format
d3d      D         d3d_disp.cpp:1202 real_choose_bitmap_format        [   0.40187] Fake format
d3d      D         d3d_disp.cpp:1210 real_choose_bitmap_format        [   0.40187] Alpha doesn't match
d3d      D         d3d_disp.cpp:1217 real_choose_bitmap_format        [   0.40188] Adapter format is 23
d3d      D         d3d_disp.cpp:1220 real_choose_bitmap_format        [   0.40189] Found a format
d3d      I         d3d_disp.cpp:2391 d3d_create_bitmap                [   0.40190] Chose bitmap format 9
dtor     D               dtor.c:196  _al_register_destructor          [   0.40213] added dtor for bitmap 000000000289ef90, func 00007ffeaa311bea
audio-dsound D           dsound.cpp:311  _dsound_allocate_voice           [   0.41749] Allocating voice
audio-dsound D           dsound.cpp:370  _dsound_allocate_voice           [   0.41752] Allocated voice
dtor     D               dtor.c:196  _al_register_destructor          [   0.41753] added dtor for voice 00000000028999d0, func 00007ffeaa445024
dtor     D               dtor.c:196  _al_register_destructor          [   0.41755] added dtor for mixer 0000000002899b10, func 00007ffeaa4404dc
audio-dsound D           dsound.cpp:466  _dsound_start_voice              [   0.41756] Starting voice
audio-dsound D           dsound.cpp:494  _dsound_start_voice              [   0.41756] CreateSoundBuffer
audio-dsound D           dsound.cpp:502  _dsound_start_voice              [   0.41876] CreateSoundBuffer succeeded
audio-dsound D           dsound.cpp:508  _dsound_start_voice              [   0.41879] Starting _dsound_update thread
audio-dsound I           dsound.cpp:518  _dsound_start_voice              [   0.41883] Voice started
dtor     D               dtor.c:196  _al_register_destructor          [   0.41884] added dtor for sample_instance 000000000289a040, func 00007ffeaa43929b
audio    D          kcm_mixer.c:121  _al_rechannel_matrix             [   0.41885] sample matrix:
audio    D          kcm_mixer.c:127  _al_rechannel_matrix             [   0.41886] 
audio    D          kcm_mixer.c:127  _al_rechannel_matrix             [   0.41887] 
dtor     D               dtor.c:196  _al_register_destructor          [   0.41887] added dtor for sample_instance 000000000289a160, func 00007ffeaa43929b
audio    D          kcm_mixer.c:121  _al_rechannel_matrix             [   0.41888] sample matrix:
audio    D          kcm_mixer.c:127  _al_rechannel_matrix             [   0.41889] 
audio    D          kcm_mixer.c:127  _al_rechannel_matrix             [   0.41889] 
dtor     D               dtor.c:196  _al_register_destructor          [   0.41890] added dtor for sample_instance 000000000289a2d0, func 00007ffeaa43929b
audio    D          kcm_mixer.c:121  _al_rechannel_matrix             [   0.41891] sample matrix:
audio    D          kcm_mixer.c:127  _al_rechannel_matrix             [   0.41891] 
audio    D          kcm_mixer.c:127  _al_rechannel_matrix             [   0.41892] 
dtor     D               dtor.c:196  _al_register_destructor          [   0.41892] added dtor for sample_instance 000000000289a3f0, func 00007ffeaa43929b
audio    D          kcm_mixer.c:121  _al_rechannel_matrix             [   0.41893] sample matrix:
audio    D          kcm_mixer.c:127  _al_rechannel_matrix             [   0.41894] 
audio    D          kcm_mixer.c:127  _al_rechannel_matrix             [   0.41894] 
dtor     D               dtor.c:196  _al_register_destructor          [   0.41895] added dtor for sample_instance 000000000289a890, func 00007ffeaa43929b
audio    D          kcm_mixer.c:121  _al_rechannel_matrix             [   0.41896] sample matrix:
audio    D          kcm_mixer.c:127  _al_rechannel_matrix             [   0.41896] 
audio    D          kcm_mixer.c:127  _al_rechannel_matrix             [   0.41897] 
dtor     D               dtor.c:196  _al_register_destructor          [   0.41898] added dtor for sample_instance 000000000289ab00, func 00007ffeaa43929b
audio    D          kcm_mixer.c:121  _al_rechannel_matrix             [   0.41898] sample matrix:
audio    D          kcm_mixer.c:127  _al_rechannel_matrix             [   0.41899] 
audio    D          kcm_mixer.c:127  _al_rechannel_matrix             [   0.41900] 
dtor     D               dtor.c:196  _al_register_destructor          [   0.41900] added dtor for sample_instance 000000000289ac20, func 00007ffeaa43929b
audio    D          kcm_mixer.c:121  _al_rechannel_matrix             [   0.41901] sample matrix:
audio    D          kcm_mixer.c:127  _al_rechannel_matrix             [   0.41902] 
audio    D          kcm_mixer.c:127  _al_rechannel_matrix             [   0.41902] 
dtor     D               dtor.c:196  _al_register_destructor          [   0.41903] added dtor for sample_instance 000000000289ad40, func 00007ffeaa43929b
audio    D          kcm_mixer.c:121  _al_rechannel_matrix             [   0.41904] sample matrix:
audio    D          kcm_mixer.c:127  _al_rechannel_matrix             [   0.41904] 
audio    D          kcm_mixer.c:127  _al_rechannel_matrix             [   0.41905] 
dtor     D               dtor.c:196  _al_register_destructor          [   0.41906] added dtor for sample_instance 0000000002899d50, func 00007ffeaa43929b
audio    D          kcm_mixer.c:121  _al_rechannel_matrix             [   0.41911] sample matrix:
audio    D          kcm_mixer.c:127  _al_rechannel_matrix             [   0.41911] 
audio    D          kcm_mixer.c:127  _al_rechannel_matrix             [   0.41912] 
dtor     D               dtor.c:196  _al_register_destructor          [   0.41913] added dtor for sample_instance 0000000002899e70, func 00007ffeaa43929b
audio    D          kcm_mixer.c:121  _al_rechannel_matrix             [   0.41913] sample matrix:
audio    D          kcm_mixer.c:127  _al_rechannel_matrix             [   0.41914] 
audio    D          kcm_mixer.c:127  _al_rechannel_matrix             [   0.41915] 
dtor     D               dtor.c:196  _al_register_destructor          [   0.41916] added dtor for sample_instance 00000000028a78b0, func 00007ffeaa43929b
audio    D          kcm_mixer.c:121  _al_rechannel_matrix             [   0.41916] sample matrix:
audio    D          kcm_mixer.c:127  _al_rechannel_matrix             [   0.41917] 
audio    D          kcm_mixer.c:127  _al_rechannel_matrix             [   0.41918] 
dtor     D               dtor.c:196  _al_register_destructor          [   0.41918] added dtor for sample_instance 00000000028a7310, func 00007ffeaa43929b
audio    D          kcm_mixer.c:121  _al_rechannel_matrix             [   0.41919] sample matrix:
audio    D          kcm_mixer.c:127  _al_rechannel_matrix             [   0.41920] 
audio    D          kcm_mixer.c:127  _al_rechannel_matrix             [   0.41920] 
dtor     D               dtor.c:196  _al_register_destructor          [   0.41921] added dtor for sample_instance 00000000028a7f70, func 00007ffeaa43929b
audio    D          kcm_mixer.c:121  _al_rechannel_matrix             [   0.41922] sample matrix:
audio    D          kcm_mixer.c:127  _al_rechannel_matrix             [   0.41922] 
audio    D          kcm_mixer.c:127  _al_rechannel_matrix             [   0.41923] 
dtor     D               dtor.c:196  _al_register_destructor          [   0.41924] added dtor for sample_instance 00000000028a7e50, func 00007ffeaa43929b
audio    D          kcm_mixer.c:121  _al_rechannel_matrix             [   0.41924] sample matrix:
audio    D          kcm_mixer.c:127  _al_rechannel_matrix             [   0.41925] 
audio    D          kcm_mixer.c:127  _al_rechannel_matrix             [   0.41926] 
dtor     D               dtor.c:196  _al_register_destructor          [   0.41927] added dtor for sample_instance 00000000028a7430, func 00007ffeaa43929b
audio    D          kcm_mixer.c:121  _al_rechannel_matrix             [   0.41927] sample matrix:
audio    D          kcm_mixer.c:127  _al_rechannel_matrix             [   0.41928] 
audio    D          kcm_mixer.c:127  _al_rechannel_matrix             [   0.41928] 
dtor     D               dtor.c:196  _al_register_destructor          [   0.41929] added dtor for sample_instance 00000000028a79d0, func 00007ffeaa43929b
audio    D          kcm_mixer.c:121  _al_rechannel_matrix             [   0.41930] sample matrix:
audio    D          kcm_mixer.c:127  _al_rechannel_matrix             [   0.41930] 
audio    D          kcm_mixer.c:127  _al_rechannel_matrix             [   0.41931] 
dtor     D               dtor.c:196  _al_register_destructor          [   0.41932] added dtor for sample_instance 00000000028a7550, func 00007ffeaa43929b
audio    D          kcm_mixer.c:121  _al_rechannel_matrix             [   0.41932] sample matrix:
audio    D          kcm_mixer.c:127  _al_rechannel_matrix             [   0.41933] 
audio    D          kcm_mixer.c:127  _al_rechannel_matrix             [   0.41934] 
dtor     D               dtor.c:196  _al_register_destructor          [   0.41934] added dtor for sample_instance 00000000028a7790, func 00007ffeaa43929b
audio    D          kcm_mixer.c:121  _al_rechannel_matrix             [   0.41935] sample matrix:
audio    D          kcm_mixer.c:127  _al_rechannel_matrix             [   0.41936] 
audio    D          kcm_mixer.c:127  _al_rechannel_matrix             [   0.41936] 
dtor     D               dtor.c:196  _al_register_destructor          [   0.41937] added dtor for sample_instance 00000000028a7af0, func 00007ffeaa43929b
audio    D          kcm_mixer.c:121  _al_rechannel_matrix             [   0.41937] sample matrix:
audio    D          kcm_mixer.c:127  _al_rechannel_matrix             [   0.41938] 
audio    D          kcm_mixer.c:127  _al_rechannel_matrix             [   0.41939] 
dtor     D               dtor.c:196  _al_register_destructor          [   0.41939] added dtor for sample_instance 00000000028a7670, func 00007ffeaa43929b
audio    D          kcm_mixer.c:121  _al_rechannel_matrix             [   0.41940] sample matrix:
audio    D          kcm_mixer.c:127  _al_rechannel_matrix             [   0.41941] 
audio    D          kcm_mixer.c:127  _al_rechannel_matrix             [   0.41941] 
dtor     D               dtor.c:196  _al_register_destructor          [   0.41942] added dtor for sample_instance 00000000028a7c10, func 00007ffeaa43929b
audio-dsound D           dsound.cpp:528  _dsound_stop_voice               [   0.41943] Stopping voice
audio-dsound D           dsound.cpp:545  _dsound_stop_voice               [   0.41943] Joining thread
audio-dsound D           dsound.cpp:551  _dsound_stop_voice               [   0.60471] Joined thread
audio-dsound D           dsound.cpp:553  _dsound_stop_voice               [   0.60475] Destroying thread
audio-dsound D           dsound.cpp:555  _dsound_stop_voice               [   0.60476] Thread destroyed
audio-dsound D           dsound.cpp:562  _dsound_stop_voice               [   0.60476] Releasing buffer
audio-dsound I           dsound.cpp:566  _dsound_stop_voice               [   0.60477] Voice stopped
audio-dsound D           dsound.cpp:466  _dsound_start_voice              [   0.60478] Starting voice
audio-dsound D           dsound.cpp:494  _dsound_start_voice              [   0.60479] CreateSoundBuffer
audio-dsound D           dsound.cpp:502  _dsound_start_voice              [   0.60484] CreateSoundBuffer succeeded
audio-dsound D           dsound.cpp:508  _dsound_start_voice              [   0.60485] Starting _dsound_update thread
audio-dsound I           dsound.cpp:518  _dsound_start_voice              [   0.60488] Voice started
audio    D          kcm_mixer.c:121  _al_rechannel_matrix             [   0.60489] sample matrix:
audio    D          kcm_mixer.c:127  _al_rechannel_matrix             [   0.60490]  0.707107 0.000000
audio    D          kcm_mixer.c:127  _al_rechannel_matrix             [   0.60491]  0.000000 0.707107
audio    D          kcm_mixer.c:121  _al_rechannel_matrix             [   0.60492] sample matrix:
audio    D          kcm_mixer.c:127  _al_rechannel_matrix             [   0.60492]  0.070711 0.000000
audio    D          kcm_mixer.c:127  _al_rechannel_matrix             [   0.60493]  0.000000 0.070711
dtor     D               dtor.c:196  _al_register_destructor          [   0.60494] added dtor for queue 00000000028b75f0, func 00007ffeaa33c5dc
dtor     D               dtor.c:196  _al_register_destructor          [   0.60962] added dtor for timer 0000000002899f90, func 00007ffeaa34fb3b
stdio    D         file_stdio.c:110  file_stdio_fopen                 [   0.60969] opening assets/image/icon.jpg rb
stdio    D         file_stdio.c:110  file_stdio_fopen                 [   0.60980] opening assets/image/icon.jpg rb
d3d      D         d3d_disp.cpp:1202 real_choose_bitmap_format        [   0.60989] Fake format
d3d      D         d3d_disp.cpp:1202 real_choose_bitmap_format        [   0.60990] Fake format
d3d      D         d3d_disp.cpp:1202 real_choose_bitmap_format        [   0.60991] Fake format
d3d      D         d3d_disp.cpp:1202 real_choose_bitmap_format        [   0.60992] Fake format
d3d      D         d3d_disp.cpp:1202 real_choose_bitmap_format        [   0.60992] Fake format
d3d      D         d3d_disp.cpp:1202 real_choose_bitmap_format        [   0.60993] Fake format
d3d      D         d3d_disp.cpp:1202 real_choose_bitmap_format        [   0.60994] Fake format
d3d      D         d3d_disp.cpp:1202 real_choose_bitmap_format        [   0.60994] Fake format
d3d      D         d3d_disp.cpp:1202 real_choose_bitmap_format        [   0.60995] Fake format
d3d      D         d3d_disp.cpp:1210 real_choose_bitmap_format        [   0.60996] Alpha doesn't match
d3d      D         d3d_disp.cpp:1217 real_choose_bitmap_format        [   0.60996] Adapter format is 23
d3d      D         d3d_disp.cpp:1220 real_choose_bitmap_format        [   0.60997] Found a format
d3d      I         d3d_disp.cpp:2391 d3d_create_bitmap                [   0.60998] Chose bitmap format 9
dtor     D               dtor.c:196  _al_register_destructor          [   0.61033] added dtor for bitmap 00000000028c46a0, func 00007ffeaa311bea
d3d      D         d3d_disp.cpp:1202 real_choose_bitmap_format        [   0.61190] Fake format
d3d      D         d3d_disp.cpp:1202 real_choose_bitmap_format        [   0.61192] Fake format
d3d      D         d3d_disp.cpp:1202 real_choose_bitmap_format        [   0.61193] Fake format
d3d      D         d3d_disp.cpp:1202 real_choose_bitmap_format        [   0.61193] Fake format
d3d      D         d3d_disp.cpp:1202 real_choose_bitmap_format        [   0.61194] Fake format
d3d      D         d3d_disp.cpp:1202 real_choose_bitmap_format        [   0.61195] Fake format
d3d      D         d3d_disp.cpp:1202 real_choose_bitmap_format        [   0.61195] Fake format
d3d      D         d3d_disp.cpp:1202 real_choose_bitmap_format        [   0.61196] Fake format
d3d      D         d3d_disp.cpp:1202 real_choose_bitmap_format        [   0.61197] Fake format
d3d      D         d3d_disp.cpp:1210 real_choose_bitmap_format        [   0.61197] Alpha doesn't match
d3d      D         d3d_disp.cpp:1217 real_choose_bitmap_format        [   0.61198] Adapter format is 23
d3d      D         d3d_disp.cpp:1220 real_choose_bitmap_format        [   0.61199] Found a format
d3d      I         d3d_disp.cpp:2391 d3d_create_bitmap                [   0.61200] Chose bitmap format 9
dtor     D               dtor.c:196  _al_register_destructor          [   0.61210] added dtor for bitmap 000000000289a560, func 00007ffeaa311bea
d3d      D          d3d_bmp.cpp:539  _al_d3d_sync_bitmap              [   0.61366] _al_d3d_sync_bitmap (system) ref count == 1
d3d      D          d3d_bmp.cpp:545  _al_d3d_sync_bitmap              [   0.61368] _al_d3d_sync_bitmap (video) ref count == 1
dtor     D               dtor.c:227  _al_unregister_destructor        [   0.61597] removed dtor for bitmap 000000000289a560
d3d      D         d3d_disp.cpp:1202 real_choose_bitmap_format        [   0.61725] Fake format
d3d      D         d3d_disp.cpp:1202 real_choose_bitmap_format        [   0.61728] Fake format
d3d      D         d3d_disp.cpp:1202 real_choose_bitmap_format        [   0.61728] Fake format
d3d      D         d3d_disp.cpp:1202 real_choose_bitmap_format        [   0.61729] Fake format
d3d      D         d3d_disp.cpp:1202 real_choose_bitmap_format        [   0.61730] Fake format
d3d      D         d3d_disp.cpp:1202 real_choose_bitmap_format        [   0.61730] Fake format
d3d      D         d3d_disp.cpp:1202 real_choose_bitmap_format        [   0.61731] Fake format
d3d      D         d3d_disp.cpp:1202 real_choose_bitmap_format        [   0.61732] Fake format
d3d      D         d3d_disp.cpp:1202 real_choose_bitmap_format        [   0.61732] Fake format
d3d      D         d3d_disp.cpp:1210 real_choose_bitmap_format        [   0.61733] Alpha doesn't match
d3d      D         d3d_disp.cpp:1217 real_choose_bitmap_format        [   0.61734] Adapter format is 23
d3d      D         d3d_disp.cpp:1220 real_choose_bitmap_format        [   0.61734] Found a format
d3d      I         d3d_disp.cpp:2391 d3d_create_bitmap                [   0.61735] Chose bitmap format 9
dtor     D               dtor.c:196  _al_register_destructor          [   0.61756] added dtor for bitmap 000000000295e030, func 00007ffeaa311bea
d3d      D          d3d_bmp.cpp:539  _al_d3d_sync_bitmap              [   0.61915] _al_d3d_sync_bitmap (system) ref count == 1
d3d      D          d3d_bmp.cpp:545  _al_d3d_sync_bitmap              [   0.61917] _al_d3d_sync_bitmap (video) ref count == 1
dtor     D               dtor.c:227  _al_unregister_destructor        [   0.62025] removed dtor for bitmap 000000000295e030
d3d      D         d3d_disp.cpp:1202 real_choose_bitmap_format        [   0.64284] Fake format
d3d      D         d3d_disp.cpp:1202 real_choose_bitmap_format        [   0.64288] Fake format
d3d      D         d3d_disp.cpp:1202 real_choose_bitmap_format        [   0.64293] Fake format
d3d      D         d3d_disp.cpp:1202 real_choose_bitmap_format        [   0.64294] Fake format
d3d      D         d3d_disp.cpp:1202 real_choose_bitmap_format        [   0.64295] Fake format
d3d      D         d3d_disp.cpp:1202 real_choose_bitmap_format        [   0.64296] Fake format
d3d      D         d3d_disp.cpp:1202 real_choose_bitmap_format        [   0.64296] Fake format
d3d      D         d3d_disp.cpp:1202 real_choose_bitmap_format        [   0.64297] Fake format
d3d      D         d3d_disp.cpp:1202 real_choose_bitmap_format        [   0.64297] Fake format
d3d      D         d3d_disp.cpp:1210 real_choose_bitmap_format        [   0.64298] Alpha doesn't match
d3d      D         d3d_disp.cpp:1217 real_choose_bitmap_format        [   0.64299] Adapter format is 23
d3d      D         d3d_disp.cpp:1220 real_choose_bitmap_format        [   0.64300] Found a format
d3d      I         d3d_disp.cpp:2391 d3d_create_bitmap                [   0.64300] Chose bitmap format 9
font     D                ttf.c:243  alloc_glyph_region               [   0.64332] Glyph 50: 13x11 (16x12)
font     D                ttf.c:287  alloc_glyph_region               [   0.64335] Locking glyph region: 00000000028c73d0 0 0 16 12
font     D                ttf.c:167  unlock_current_page              [   0.64410] Unlocking page: 00000000028c73d0
font     D                ttf.c:243  alloc_glyph_region               [   0.64420] Glyph 84: 13x11 (16x12)
font     D                ttf.c:287  alloc_glyph_region               [   0.64421] Locking glyph region: 00000000028c73d0 16 0 16 12
font     D                ttf.c:167  unlock_current_page              [   0.64423] Unlocking page: 00000000028c73d0
font     D                ttf.c:243  alloc_glyph_region               [   0.64429] Glyph 71: 12x11 (12x12)
font     D                ttf.c:287  alloc_glyph_region               [   0.64430] Locking glyph region: 00000000028c73d0 32 0 12 12
font     D                ttf.c:167  unlock_current_page              [   0.64431] Unlocking page: 00000000028c73d0
font     D                ttf.c:243  alloc_glyph_region               [   0.64437] Glyph 85: 13x11 (16x12)
font     D                ttf.c:287  alloc_glyph_region               [   0.64437] Locking glyph region: 00000000028c73d0 44 0 16 12
font     D                ttf.c:167  unlock_current_page              [   0.64439] Unlocking page: 00000000028c73d0
font     D                ttf.c:446  cache_glyph                      [   0.64439] Glyph 2 has zero size.
font     D                ttf.c:243  alloc_glyph_region               [   0.64441] Glyph 9: 5x5 (8x8)
font     D                ttf.c:287  alloc_glyph_region               [   0.64442] Locking glyph region: 00000000028c73d0 60 0 8 8
font     D                ttf.c:167  unlock_current_page              [   0.64443] Unlocking page: 00000000028c73d0
font     D                ttf.c:243  alloc_glyph_region               [   0.64446] Glyph 39: 12x11 (12x12)
font     D                ttf.c:287  alloc_glyph_region               [   0.64447] Locking glyph region: 00000000028c73d0 68 0 12 12
font     D                ttf.c:167  unlock_current_page              [   0.64448] Unlocking page: 00000000028c73d0
font     D                ttf.c:243  alloc_glyph_region               [   0.64451] Glyph 80: 14x11 (16x12)
font     D                ttf.c:287  alloc_glyph_region               [   0.64452] Locking glyph region: 00000000028c73d0 80 0 16 12
font     D                ttf.c:167  unlock_current_page              [   0.64453] Unlocking page: 00000000028c73d0
font     D                ttf.c:243  alloc_glyph_region               [   0.64456] Glyph 86: 13x11 (16x12)
font     D                ttf.c:287  alloc_glyph_region               [   0.64457] Locking glyph region: 00000000028c73d0 96 0 16 12
font     D                ttf.c:167  unlock_current_page              [   0.64458] Unlocking page: 00000000028c73d0
font     D                ttf.c:243  alloc_glyph_region               [   0.64462] Glyph 81: 14x11 (16x12)
font     D                ttf.c:287  alloc_glyph_region               [   0.64463] Locking glyph region: 00000000028c73d0 112 0 16 12
font     D                ttf.c:167  unlock_current_page              [   0.64464] Unlocking page: 00000000028c73d0
font     D                ttf.c:243  alloc_glyph_region               [   0.64467] Glyph 67: 15x11 (16x12)
font     D                ttf.c:287  alloc_glyph_region               [   0.64467] Locking glyph region: 00000000028c73d0 128 0 16 12
font     D                ttf.c:167  unlock_current_page              [   0.64468] Unlocking page: 00000000028c73d0
d3d      D          d3d_bmp.cpp:539  _al_d3d_sync_bitmap              [   0.64918] _al_d3d_sync_bitmap (system) ref count == 1
d3d      D          d3d_bmp.cpp:545  _al_d3d_sync_bitmap              [   0.64922] _al_d3d_sync_bitmap (video) ref count == 1
d3d      D          d3d_bmp.cpp:539  _al_d3d_sync_bitmap              [   0.65185] _al_d3d_sync_bitmap (system) ref count == 1
d3d      D          d3d_bmp.cpp:545  _al_d3d_sync_bitmap              [   0.65188] _al_d3d_sync_bitmap (video) ref count == 1
d3d      D          d3d_bmp.cpp:539  _al_d3d_sync_bitmap              [   0.65283] _al_d3d_sync_bitmap (system) ref count == 1
d3d      D          d3d_bmp.cpp:545  _al_d3d_sync_bitmap              [   0.65285] _al_d3d_sync_bitmap (video) ref count == 1
dtor     D               dtor.c:227  _al_unregister_destructor        [   1.59324] removed dtor for ttf_font 0000000002890520
dtor     D               dtor.c:227  _al_unregister_destructor        [   1.59353] removed dtor for sample 0000000002890820
dtor     D               dtor.c:227  _al_unregister_destructor        [   1.59517] removed dtor for sample_instance 00000000028a7c10
stdio    D         file_stdio.c:110  file_stdio_fopen                 [   1.59520] opening assets/image/room.png rb
stdio    D         file_stdio.c:110  file_stdio_fopen                 [   1.59535] opening assets/image/room.png rb
d3d      D         d3d_disp.cpp:1202 real_choose_bitmap_format        [   1.59544] Fake format
d3d      D         d3d_disp.cpp:1202 real_choose_bitmap_format        [   1.59546] Fake format
d3d      D         d3d_disp.cpp:1202 real_choose_bitmap_format        [   1.59547] Fake format
d3d      D         d3d_disp.cpp:1202 real_choose_bitmap_format        [   1.59548] Fake format
d3d      D         d3d_disp.cpp:1202 real_choose_bitmap_format        [   1.59550] Fake format
d3d      D         d3d_disp.cpp:1202 real_choose_bitmap_format        [   1.59551] Fake format
d3d      D         d3d_disp.cpp:1202 real_choose_bitmap_format        [   1.59552] Fake format
d3d      D         d3d_disp.cpp:1202 real_choose_bitmap_format        [   1.59553] Fake format
d3d      D         d3d_disp.cpp:1202 real_choose_bitmap_format        [   1.59554] Fake format
d3d      D         d3d_disp.cpp:1210 real_choose_bitmap_format        [   1.59556] Alpha doesn't match
d3d      D         d3d_disp.cpp:1217 real_choose_bitmap_format        [   1.59557] Adapter format is 23
d3d      D         d3d_disp.cpp:1220 real_choose_bitmap_format        [   1.59558] Found a format
d3d      I         d3d_disp.cpp:2391 d3d_create_bitmap                [   1.59560] Chose bitmap format 9
dtor     D               dtor.c:196  _al_register_destructor          [   1.59601] added dtor for bitmap 0000000002899820, func 00007ffeaa311bea
stdio    D         file_stdio.c:110  file_stdio_fopen                 [   1.62768] opening assets/image/beer.png rb
stdio    D         file_stdio.c:110  file_stdio_fopen                 [   1.62777] opening assets/image/beer.png rb
d3d      D         d3d_disp.cpp:1202 real_choose_bitmap_format        [   1.62781] Fake format
d3d      D         d3d_disp.cpp:1202 real_choose_bitmap_format        [   1.62782] Fake format
d3d      D         d3d_disp.cpp:1202 real_choose_bitmap_format        [   1.62782] Fake format
d3d      D         d3d_disp.cpp:1202 real_choose_bitmap_format        [   1.62783] Fake format
d3d      D         d3d_disp.cpp:1202 real_choose_bitmap_format        [   1.62784] Fake format
d3d      D         d3d_disp.cpp:1202 real_choose_bitmap_format        [   1.62784] Fake format
d3d      D         d3d_disp.cpp:1202 real_choose_bitmap_format        [   1.62785] Fake format
d3d      D         d3d_disp.cpp:1202 real_choose_bitmap_format        [   1.62786] Fake format
d3d      D         d3d_disp.cpp:1202 real_choose_bitmap_format        [   1.62786] Fake format
d3d      D         d3d_disp.cpp:1210 real_choose_bitmap_format        [   1.62787] Alpha doesn't match
d3d      D         d3d_disp.cpp:1217 real_choose_bitmap_format        [   1.62787] Adapter format is 23
d3d      D         d3d_disp.cpp:1220 real_choose_bitmap_format        [   1.62788] Found a format
d3d      I         d3d_disp.cpp:2391 d3d_create_bitmap                [   1.62789] Chose bitmap format 9
dtor     D               dtor.c:196  _al_register_destructor          [   1.62811] added dtor for bitmap 000000000295edc0, func 00007ffeaa311bea
stdio    D         file_stdio.c:110  file_stdio_fopen                 [   1.62944] opening assets/image/table.png rb
stdio    D         file_stdio.c:110  file_stdio_fopen                 [   1.62951] opening assets/image/table.png rb
d3d      D         d3d_disp.cpp:1202 real_choose_bitmap_format        [   1.62956] Fake format
d3d      D         d3d_disp.cpp:1202 real_choose_bitmap_format        [   1.62958] Fake format
d3d      D         d3d_disp.cpp:1202 real_choose_bitmap_format        [   1.62958] Fake format
d3d      D         d3d_disp.cpp:1202 real_choose_bitmap_format        [   1.62959] Fake format
d3d      D         d3d_disp.cpp:1202 real_choose_bitmap_format        [   1.62959] Fake format
d3d      D         d3d_disp.cpp:1202 real_choose_bitmap_format        [   1.62960] Fake format
d3d      D         d3d_disp.cpp:1202 real_choose_bitmap_format        [   1.62961] Fake format
d3d      D         d3d_disp.cpp:1202 real_choose_bitmap_format        [   1.62961] Fake format
d3d      D         d3d_disp.cpp:1202 real_choose_bitmap_format        [   1.62962] Fake format
d3d      D         d3d_disp.cpp:1210 real_choose_bitmap_format        [   1.62962] Alpha doesn't match
d3d      D         d3d_disp.cpp:1217 real_choose_bitmap_format        [   1.62963] Adapter format is 23
d3d      D         d3d_disp.cpp:1220 real_choose_bitmap_format        [   1.62963] Found a format
d3d      I         d3d_disp.cpp:2391 d3d_create_bitmap                [   1.62964] Chose bitmap format 9
dtor     D               dtor.c:196  _al_register_destructor          [   1.63002] added dtor for bitmap 00000000028c7ed0, func 00007ffeaa311bea
stdio    D         file_stdio.c:110  file_stdio_fopen                 [   1.63623] opening assets/image/ciga.png rb
stdio    D         file_stdio.c:110  file_stdio_fopen                 [   1.63631] opening assets/image/ciga.png rb
d3d      D         d3d_disp.cpp:1202 real_choose_bitmap_format        [   1.63634] Fake format
d3d      D         d3d_disp.cpp:1202 real_choose_bitmap_format        [   1.63635] Fake format
d3d      D         d3d_disp.cpp:1202 real_choose_bitmap_format        [   1.63635] Fake format
d3d      D         d3d_disp.cpp:1202 real_choose_bitmap_format        [   1.63636] Fake format
d3d      D         d3d_disp.cpp:1202 real_choose_bitmap_format        [   1.63637] Fake format
d3d      D         d3d_disp.cpp:1202 real_choose_bitmap_format        [   1.63637] Fake format
d3d      D         d3d_disp.cpp:1202 real_choose_bitmap_format        [   1.63638] Fake format
d3d      D         d3d_disp.cpp:1202 real_choose_bitmap_format        [   1.63638] Fake format
d3d      D         d3d_disp.cpp:1202 real_choose_bitmap_format        [   1.63640] Fake format
d3d      D         d3d_disp.cpp:1210 real_choose_bitmap_format        [   1.63640] Alpha doesn't match
d3d      D         d3d_disp.cpp:1217 real_choose_bitmap_format        [   1.63641] Adapter format is 23
d3d      D         d3d_disp.cpp:1220 real_choose_bitmap_format        [   1.63642] Found a format
d3d      I         d3d_disp.cpp:2391 d3d_create_bitmap                [   1.63642] Chose bitmap format 9
dtor     D               dtor.c:196  _al_register_destructor          [   1.63660] added dtor for bitmap 00000000028c6be0, func 00007ffeaa311bea
stdio    D         file_stdio.c:110  file_stdio_fopen                 [   1.63766] opening assets/image/key.png rb
stdio    D         file_stdio.c:110  file_stdio_fopen                 [   1.63772] opening assets/image/key.png rb
d3d      D         d3d_disp.cpp:1202 real_choose_bitmap_format        [   1.63776] Fake format
d3d      D         d3d_disp.cpp:1202 real_choose_bitmap_format        [   1.63777] Fake format
d3d      D         d3d_disp.cpp:1202 real_choose_bitmap_format        [   1.63777] Fake format
d3d      D         d3d_disp.cpp:1202 real_choose_bitmap_format        [   1.63778] Fake format
d3d      D         d3d_disp.cpp:1202 real_choose_bitmap_format        [   1.63778] Fake format
d3d      D         d3d_disp.cpp:1202 real_choose_bitmap_format        [   1.63779] Fake format
d3d      D         d3d_disp.cpp:1202 real_choose_bitmap_format        [   1.63779] Fake format
d3d      D         d3d_disp.cpp:1202 real_choose_bitmap_format        [   1.63780] Fake format
d3d      D         d3d_disp.cpp:1202 real_choose_bitmap_format        [   1.63781] Fake format
d3d      D         d3d_disp.cpp:1210 real_choose_bitmap_format        [   1.63781] Alpha doesn't match
d3d      D         d3d_disp.cpp:1217 real_choose_bitmap_format        [   1.63782] Adapter format is 23
d3d      D         d3d_disp.cpp:1220 real_choose_bitmap_format        [   1.63782] Found a format
d3d      I         d3d_disp.cpp:2391 d3d_create_bitmap                [   1.63783] Chose bitmap format 9
dtor     D               dtor.c:196  _al_register_destructor          [   1.63802] added dtor for bitmap 00000000028c69c0, func 00007ffeaa311bea
d3d      D          d3d_bmp.cpp:539  _al_d3d_sync_bitmap              [   1.64465] _al_d3d_sync_bitmap (system) ref count == 1
d3d      D          d3d_bmp.cpp:545  _al_d3d_sync_bitmap              [   1.64468] _al_d3d_sync_bitmap (video) ref count == 1
d3d      D          d3d_bmp.cpp:539  _al_d3d_sync_bitmap              [   1.64722] _al_d3d_sync_bitmap (system) ref count == 1
d3d      D          d3d_bmp.cpp:545  _al_d3d_sync_bitmap              [   1.64724] _al_d3d_sync_bitmap (video) ref count == 1
d3d      D          d3d_bmp.cpp:539  _al_d3d_sync_bitmap              [   1.64767] _al_d3d_sync_bitmap (system) ref count == 1
d3d      D          d3d_bmp.cpp:545  _al_d3d_sync_bitmap              [   1.64769] _al_d3d_sync_bitmap (video) ref count == 1
d3d      D          d3d_bmp.cpp:539  _al_d3d_sync_bitmap              [   1.64869] _al_d3d_sync_bitmap (system) ref count == 1
d3d      D          d3d_bmp.cpp:545  _al_d3d_sync_bitmap              [   1.64870] _al_d3d_sync_bitmap (video) ref count == 1
d3d      D          d3d_bmp.cpp:539  _al_d3d_sync_bitmap              [   1.64908] _al_d3d_sync_bitmap (system) ref count == 1
d3d      D          d3d_bmp.cpp:545  _al_d3d_sync_bitmap              [   1.64909] _al_d3d_sync_bitmap (video) ref count == 1
dtor     D               dtor.c:227  _al_unregister_destructor        [   6.87274] removed dtor for queue 00000000028b75f0
d3d      I         d3d_disp.cpp:915  d3d_destroy_display              [   6.87282] destroying display 0000000000f2bcb0 (current 0000000000000000)
bitmap   D        bitmap_type.c:308  _al_convert_to_memory_bitmap     [   6.87704] converting display bitmap 00000000028c69c0 to memory bitmap
dtor     D               dtor.c:196  _al_register_destructor          [   6.87710] added dtor for bitmap 00000000028c64a0, func 00007ffeaa311bea
d3d      D          d3d_bmp.cpp:539  _al_d3d_sync_bitmap              [   6.87713] _al_d3d_sync_bitmap (system) ref count == 1
d3d      D          d3d_bmp.cpp:545  _al_d3d_sync_bitmap              [   6.87714] _al_d3d_sync_bitmap (video) ref count == 1
dtor     D               dtor.c:227  _al_unregister_destructor        [   6.87792] removed dtor for bitmap 00000000028c64a0
bitmap   D        bitmap_type.c:308  _al_convert_to_memory_bitmap     [   6.87805] converting display bitmap 00000000028c6be0 to memory bitmap
dtor     D               dtor.c:196  _al_register_destructor          [   6.87808] added dtor for bitmap 00000000028c64a0, func 00007ffeaa311bea
d3d      D          d3d_bmp.cpp:539  _al_d3d_sync_bitmap              [   6.87810] _al_d3d_sync_bitmap (system) ref count == 1
d3d      D          d3d_bmp.cpp:545  _al_d3d_sync_bitmap              [   6.87811] _al_d3d_sync_bitmap (video) ref count == 1
dtor     D               dtor.c:227  _al_unregister_destructor        [   6.87872] removed dtor for bitmap 00000000028c64a0
bitmap   D        bitmap_type.c:308  _al_convert_to_memory_bitmap     [   6.87887] converting display bitmap 00000000028c7ed0 to memory bitmap
dtor     D               dtor.c:196  _al_register_destructor          [   6.87890] added dtor for bitmap 00000000028c64a0, func 00007ffeaa311bea
d3d      D          d3d_bmp.cpp:539  _al_d3d_sync_bitmap              [   6.87892] _al_d3d_sync_bitmap (system) ref count == 1
d3d      D          d3d_bmp.cpp:545  _al_d3d_sync_bitmap              [   6.87894] _al_d3d_sync_bitmap (video) ref count == 1
dtor     D               dtor.c:227  _al_unregister_destructor        [   6.88024] removed dtor for bitmap 00000000028c64a0
bitmap   D        bitmap_type.c:308  _al_convert_to_memory_bitmap     [   6.88054] converting display bitmap 000000000295edc0 to memory bitmap
dtor     D               dtor.c:196  _al_register_destructor          [   6.88057] added dtor for bitmap 00000000028c64a0, func 00007ffeaa311bea
d3d      D          d3d_bmp.cpp:539  _al_d3d_sync_bitmap              [   6.88059] _al_d3d_sync_bitmap (system) ref count == 1
d3d      D          d3d_bmp.cpp:545  _al_d3d_sync_bitmap              [   6.88061] _al_d3d_sync_bitmap (video) ref count == 1
dtor     D               dtor.c:227  _al_unregister_destructor        [   6.88098] removed dtor for bitmap 00000000028c64a0
bitmap   D        bitmap_type.c:308  _al_convert_to_memory_bitmap     [   6.88109] converting display bitmap 0000000002899820 to memory bitmap
dtor     D               dtor.c:196  _al_register_destructor          [   6.88111] added dtor for bitmap 00000000028c64a0, func 00007ffeaa311bea
d3d      D          d3d_bmp.cpp:539  _al_d3d_sync_bitmap              [   6.88113] _al_d3d_sync_bitmap (system) ref count == 1
d3d      D          d3d_bmp.cpp:545  _al_d3d_sync_bitmap              [   6.88114] _al_d3d_sync_bitmap (video) ref count == 1
dtor     D               dtor.c:227  _al_unregister_destructor        [   6.88367] removed dtor for bitmap 00000000028c64a0
bitmap   D        bitmap_type.c:308  _al_convert_to_memory_bitmap     [   6.88403] converting display bitmap 00000000028c46a0 to memory bitmap
dtor     D               dtor.c:196  _al_register_destructor          [   6.88405] added dtor for bitmap 00000000028c64a0, func 00007ffeaa311bea
d3d      D          d3d_bmp.cpp:539  _al_d3d_sync_bitmap              [   6.88407] _al_d3d_sync_bitmap (system) ref count == 1
d3d      D          d3d_bmp.cpp:545  _al_d3d_sync_bitmap              [   6.88408] _al_d3d_sync_bitmap (video) ref count == 1
dtor     D               dtor.c:227  _al_unregister_destructor        [   6.88498] removed dtor for bitmap 00000000028c64a0
bitmap   D        bitmap_type.c:308  _al_convert_to_memory_bitmap     [   6.88516] converting display bitmap 000000000289ef90 to memory bitmap
dtor     D               dtor.c:196  _al_register_destructor          [   6.88518] added dtor for bitmap 00000000028c64a0, func 00007ffeaa311bea
d3d      D          d3d_bmp.cpp:539  _al_d3d_sync_bitmap              [   6.88519] _al_d3d_sync_bitmap (system) ref count == 1
d3d      D          d3d_bmp.cpp:545  _al_d3d_sync_bitmap              [   6.88520] _al_d3d_sync_bitmap (video) ref count == 1
dtor     D               dtor.c:227  _al_unregister_destructor        [   6.88740] removed dtor for bitmap 00000000028c64a0
d3d      D         d3d_disp.cpp:899  d3d_destroy_display_internals    [   6.88780] waiting for display 0000000000f2bcb0's thread to end
d3d      W         d3d_disp.cpp:608  d3d_destroy_device               [   6.89726] d3d_destroy_device: ref count not 0
d3d      W         d3d_disp.cpp:608  d3d_destroy_device               [   6.89729] d3d_destroy_device: ref count not 0
d3d      I         d3d_disp.cpp:1562 d3d_display_thread_proc          [   6.90251] d3d display thread exits
dtor     D               dtor.c:227  _al_unregister_destructor        [   6.90268] removed dtor for bitmap 0000000002899820
dtor     D               dtor.c:227  _al_unregister_destructor        [   6.90282] removed dtor for bitmap 000000000295edc0
dtor     D               dtor.c:227  _al_unregister_destructor        [   6.90284] removed dtor for bitmap 00000000028c7ed0
dtor     D               dtor.c:227  _al_unregister_destructor        [   6.90285] removed dtor for bitmap 00000000028c6be0
dtor     D               dtor.c:227  _al_unregister_destructor        [   6.90293] removed dtor for bitmap 00000000028c69c0
dtor     D               dtor.c:116  _al_run_destructors              [   6.90295] calling dtor for bitmap 00000000028c46a0, func 00007ffeaa311bea
dtor     D               dtor.c:227  _al_unregister_destructor        [   6.90296] removed dtor for bitmap 00000000028c46a0
dtor     D               dtor.c:116  _al_run_destructors              [   6.90297] calling dtor for timer 0000000002899f90, func 00007ffeaa34fb3b
dtor     D               dtor.c:227  _al_unregister_destructor        [   6.90298] removed dtor for timer 0000000002899f90
dtor     D               dtor.c:116  _al_run_destructors              [   6.90299] calling dtor for bitmap 000000000289ef90, func 00007ffeaa311bea
dtor     D               dtor.c:227  _al_unregister_destructor        [   6.90299] removed dtor for bitmap 000000000289ef90
dtor     D               dtor.c:227  _al_unregister_destructor        [   6.90310] removed dtor for sample_instance 000000000289a040
dtor     D               dtor.c:227  _al_unregister_destructor        [   6.90311] removed dtor for sample_instance 000000000289a160
dtor     D               dtor.c:227  _al_unregister_destructor        [   6.90312] removed dtor for sample_instance 000000000289a2d0
dtor     D               dtor.c:227  _al_unregister_destructor        [   6.90313] removed dtor for sample_instance 000000000289a3f0
dtor     D               dtor.c:227  _al_unregister_destructor        [   6.90314] removed dtor for sample_instance 000000000289a890
dtor     D               dtor.c:227  _al_unregister_destructor        [   6.90314] removed dtor for sample_instance 000000000289ab00
dtor     D               dtor.c:227  _al_unregister_destructor        [   6.90315] removed dtor for sample_instance 000000000289ac20
dtor     D               dtor.c:227  _al_unregister_destructor        [   6.90316] removed dtor for sample_instance 000000000289ad40
dtor     D               dtor.c:227  _al_unregister_destructor        [   6.90316] removed dtor for sample_instance 0000000002899d50
dtor     D               dtor.c:227  _al_unregister_destructor        [   6.90317] removed dtor for sample_instance 0000000002899e70
dtor     D               dtor.c:227  _al_unregister_destructor        [   6.90318] removed dtor for sample_instance 00000000028a78b0
dtor     D               dtor.c:227  _al_unregister_destructor        [   6.90318] removed dtor for sample_instance 00000000028a7310
dtor     D               dtor.c:227  _al_unregister_destructor        [   6.90319] removed dtor for sample_instance 00000000028a7f70
dtor     D               dtor.c:227  _al_unregister_destructor        [   6.90320] removed dtor for sample_instance 00000000028a7e50
dtor     D               dtor.c:227  _al_unregister_destructor        [   6.90321] removed dtor for sample_instance 00000000028a7430
dtor     D               dtor.c:227  _al_unregister_destructor        [   6.90321] removed dtor for sample_instance 00000000028a79d0
dtor     D               dtor.c:227  _al_unregister_destructor        [   6.90322] removed dtor for sample_instance 00000000028a7550
dtor     D               dtor.c:227  _al_unregister_destructor        [   6.90323] removed dtor for sample_instance 00000000028a7790
dtor     D               dtor.c:227  _al_unregister_destructor        [   6.90324] removed dtor for sample_instance 00000000028a7af0
dtor     D               dtor.c:227  _al_unregister_destructor        [   6.90324] removed dtor for sample_instance 00000000028a7670
dtor     D               dtor.c:227  _al_unregister_destructor        [   6.90325] removed dtor for mixer 0000000002899b10
audio-dsound D           dsound.cpp:528  _dsound_stop_voice               [   6.90326] Stopping voice
audio-dsound D           dsound.cpp:545  _dsound_stop_voice               [   6.90327] Joining thread
audio-dsound D           dsound.cpp:551  _dsound_stop_voice               [   6.90400] Joined thread
audio-dsound D           dsound.cpp:553  _dsound_stop_voice               [   6.90405] Destroying thread
audio-dsound D           dsound.cpp:555  _dsound_stop_voice               [   6.90407] Thread destroyed
audio-dsound D           dsound.cpp:562  _dsound_stop_voice               [   6.90407] Releasing buffer
audio-dsound I           dsound.cpp:566  _dsound_stop_voice               [   6.90408] Voice stopped
dtor     D               dtor.c:227  _al_unregister_destructor        [   6.90410] removed dtor for voice 00000000028999d0
audio-dsound D           dsound.cpp:380  _dsound_deallocate_voice         [   6.90411] Deallocating voice
audio-dsound D           dsound.cpp:385  _dsound_deallocate_voice         [   6.90411] Deallocated voice
audio-dsound D           dsound.cpp:296  _dsound_close                    [   6.90412] Releasing device
audio-dsound D           dsound.cpp:298  _dsound_close                    [   6.93993] Released device
audio-dsound I           dsound.cpp:299  _dsound_close                    [   6.93997] DirectSound closed
